2025-06-02 09:36:48 WARN Network latency detected
2025-06-07 10:33:45 INFO Data synchronization complete
2025-06-02 03:54:50 INFO User logged in
2025-06-07 21:29:39 INFO System started
2025-06-04 05:14:51 ERROR Database connection failed
2025-06-05 09:42:52 ERROR Configuration file not found
2025-06-07 14:21:35 INFO Configuration loaded
2025-06-08 11:50:40 ERROR Null reference exception
2025-06-05 23:15:44 INFO Data synchronization complete
2025-06-03 15:58:06 ERROR Configuration file not found
2025-06-03 02:47:52 INFO Data synchronization complete
2025-06-06 07:20:59 INFO Data synchronization complete
2025-06-07 12:28:14 WARN Network latency detected
2025-06-07 20:29:43 INFO User logged in
2025-06-06 22:57:46 WARN Deprecated API call detected
2025-06-03 20:51:27 ERROR Null reference exception
2025-06-07 05:54:46 INFO System started
2025-06-04 20:37:13 WARN Network latency detected
2025-06-07 02:37:55 INFO Data synchronization complete
2025-06-07 13:38:01 INFO User logged in
2025-06-04 23:19:07 WARN Memory usage high
2025-06-05 12:47:02 ERROR Configuration file not found
2025-06-05 09:30:00 INFO User logged in
2025-06-05 16:42:59 WARN Network latency detected
2025-06-08 12:26:54 WARN Deprecated API call detected
2025-06-01 22:47:14 ERROR Null reference exception
2025-06-05 13:52:03 WARN Low disk space
2025-06-04 22:21:44 ERROR Configuration file not found
2025-06-06 22:03:57 ERROR Database connection failed
2025-06-04 14:42:21 INFO System started
2025-06-05 18:29:32 WARN Low disk space
2025-06-05 09:46:03 ERROR Configuration file not found
2025-06-03 14:40:55 ERROR Null reference exception
2025-06-08 08:44:21 INFO Configuration loaded
2025-06-05 08:05:58 WARN Network latency detected
2025-06-02 08:04:18 ERROR Permission denied
2025-06-06 03:41:29 INFO System started
2025-06-05 22:07:00 WARN Deprecated API call detected
2025-06-05 12:53:17 ERROR Permission denied
2025-06-02 06:21:19 INFO Data synchronization complete
2025-06-02 15:07:40 INFO System started
2025-06-03 23:40:20 INFO User logged in
2025-06-02 14:45:16 WARN Memory usage high
2025-06-04 16:11:46 ERROR Database connection failed
2025-06-04 22:34:50 INFO User logged in
2025-06-04 11:48:41 ERROR Configuration file not found
2025-06-06 03:35:34 WARN Deprecated API call detected
2025-06-08 07:55:12 INFO Configuration loaded
2025-06-07 00:15:45 WARN Low disk space
2025-06-02 11:50:19 INFO System started
2025-06-04 15:31:57 INFO Configuration loaded
2025-06-03 12:53:40 ERROR Configuration file not found
2025-06-03 23:41:00 WARN Memory usage high
2025-06-03 12:23:21 INFO System started
2025-06-07 17:14:03 ERROR Permission denied
2025-06-05 12:44:08 INFO System started
2025-06-08 04:57:42 INFO Data synchronization complete
2025-06-06 07:10:19 ERROR Permission denied
2025-06-04 06:23:15 INFO Data synchronization complete
2025-06-04 02:19:01 INFO User logged in
2025-06-04 07:40:36 INFO System started
2025-06-05 08:26:16 INFO Data synchronization complete
2025-06-08 17:12:19 WARN Deprecated API call detected
2025-06-06 16:00:54 ERROR Database connection failed
2025-06-03 12:07:43 WARN Memory usage high
2025-06-04 03:44:16 ERROR Configuration file not found
2025-06-07 05:52:43 WARN Memory usage high
2025-06-03 06:57:21 INFO User logged in
2025-06-02 06:07:11 ERROR Configuration file not found
2025-06-02 13:22:01 ERROR Configuration file not found
2025-06-05 23:19:53 WARN Deprecated API call detected
2025-06-05 21:00:06 ERROR Database connection failed
2025-06-06 02:33:35 WARN Low disk space
2025-06-02 01:52:20 ERROR Configuration file not found
2025-06-07 09:29:50 INFO Configuration loaded
2025-06-01 20:33:52 INFO Configuration loaded
2025-06-05 13:07:41 WARN Low disk space
2025-06-02 04:19:14 ERROR Null reference exception
2025-06-06 13:35:37 WARN Low disk space
2025-06-05 11:05:25 INFO User logged in
2025-06-01 22:16:49 INFO Data synchronization complete
2025-06-05 20:43:21 INFO System started
2025-06-08 13:01:03 INFO User logged in
2025-06-08 16:29:53 INFO Data synchronization complete
2025-06-08 14:35:52 ERROR Configuration file not found
2025-06-05 05:05:18 ERROR Permission denied
2025-06-08 11:53:12 ERROR Permission denied
2025-06-03 12:08:02 WARN Low disk space
2025-06-02 13:57:19 ERROR Database connection failed
2025-06-06 09:28:13 WARN Low disk space
2025-06-06 23:08:42 WARN Deprecated API call detected
2025-06-07 18:38:50 INFO Data synchronization complete
2025-06-02 20:45:22 WARN Network latency detected
2025-06-03 01:35:45 WARN Deprecated API call detected
2025-06-04 06:21:15 ERROR Null reference exception
2025-06-02 19:17:04 ERROR Configuration file not found
2025-06-04 16:13:45 INFO Configuration loaded
2025-06-05 08:05:50 INFO Data synchronization complete
2025-06-04 11:23:22 WARN Deprecated API call detected
2025-06-05 06:45:54 INFO Data synchronization complete
2025-06-04 17:50:05 WARN Low disk space
2025-06-03 07:12:42 INFO System started
2025-06-03 16:31:17 INFO Data synchronization complete
2025-06-05 17:51:20 WARN Memory usage high
2025-06-04 20:34:02 ERROR Null reference exception
2025-06-06 14:05:11 ERROR Configuration file not found
2025-06-07 14:13:21 ERROR Permission denied
2025-06-01 21:06:00 INFO User logged in
2025-06-02 09:42:51 ERROR Configuration file not found
2025-06-05 04:34:16 ERROR Permission denied
2025-06-05 07:29:44 INFO Data synchronization complete
2025-06-06 03:57:38 ERROR Configuration file not found
2025-06-02 06:46:42 INFO System started
2025-06-07 15:22:53 INFO System started
2025-06-01 22:49:08 WARN Memory usage high
2025-06-06 16:40:54 WARN Low disk space
2025-06-08 13:28:13 ERROR Null reference exception
2025-06-02 13:37:41 WARN Memory usage high
2025-06-04 23:41:09 ERROR Permission denied
2025-06-04 18:59:00 ERROR Null reference exception
2025-06-04 17:10:21 WARN Deprecated API call detected
2025-06-06 07:09:02 WARN Network latency detected
2025-06-03 18:00:59 WARN Low disk space
2025-06-03 13:47:16 ERROR Configuration file not found
2025-06-03 15:54:21 ERROR Null reference exception
2025-06-02 03:36:55 WARN Network latency detected
2025-06-05 19:17:26 INFO Data synchronization complete
2025-06-07 14:57:40 WARN Deprecated API call detected
2025-06-06 11:37:10 WARN Memory usage high
2025-06-02 06:45:03 INFO User logged in
2025-06-06 11:21:43 WARN Network latency detected
2025-06-07 12:35:57 ERROR Null reference exception
2025-06-06 22:14:49 ERROR Null reference exception
2025-06-05 17:28:47 WARN Memory usage high
2025-06-03 02:03:08 WARN Network latency detected
2025-06-06 15:24:36 WARN Network latency detected
2025-06-08 03:23:02 WARN Low disk space
2025-06-07 20:43:11 INFO Configuration loaded
2025-06-05 10:25:20 ERROR Database connection failed
2025-06-04 23:28:51 ERROR Permission denied
2025-06-03 18:23:39 INFO Configuration loaded
2025-06-04 09:46:21 WARN Low disk space
2025-06-04 14:30:43 WARN Deprecated API call detected
2025-06-02 02:27:47 ERROR Database connection failed
2025-06-07 11:45:40 INFO Configuration loaded
2025-06-07 05:18:08 WARN Memory usage high
2025-06-06 08:13:31 WARN Deprecated API call detected
2025-06-07 08:14:39 WARN Deprecated API call detected
2025-06-04 23:46:15 WARN Low disk space
2025-06-02 13:52:39 WARN Deprecated API call detected
2025-06-07 20:02:32 ERROR Configuration file not found
2025-06-07 09:28:57 INFO Data synchronization complete
2025-06-04 18:59:11 WARN Memory usage high
2025-06-07 09:11:25 INFO System started
2025-06-07 15:13:28 INFO User logged in
2025-06-08 04:14:59 WARN Memory usage high
2025-06-06 10:28:13 WARN Network latency detected
2025-06-03 18:39:49 WARN Deprecated API call detected
2025-06-03 02:18:17 WARN Low disk space
2025-06-04 11:24:35 WARN Deprecated API call detected
2025-06-02 13:03:50 WARN Deprecated API call detected
2025-06-02 11:42:35 ERROR Configuration file not found
2025-06-05 19:12:14 INFO User logged in
2025-06-02 03:24:55 INFO Configuration loaded
2025-06-05 21:04:24 ERROR Database connection failed
2025-06-04 03:25:07 INFO User logged in
2025-06-03 12:30:26 WARN Low disk space
2025-06-08 19:10:23 WARN Memory usage high
2025-06-08 07:57:42 ERROR Configuration file not found
2025-06-03 09:54:45 INFO System started
2025-06-05 18:35:03 INFO User logged in
2025-06-07 12:23:28 INFO Data synchronization complete
2025-06-04 21:02:34 INFO Data synchronization complete
2025-06-05 10:44:38 ERROR Database connection failed
2025-06-02 18:22:26 WARN Network latency detected
2025-06-03 16:04:02 WARN Memory usage high
2025-06-06 01:10:20 ERROR Database connection failed
2025-06-04 16:59:54 INFO Data synchronization complete
2025-06-02 21:05:00 INFO Data synchronization complete
2025-06-02 00:03:53 INFO Data synchronization complete
2025-06-07 13:21:19 INFO User logged in
2025-06-04 15:35:38 WARN Deprecated API call detected
2025-06-02 07:36:04 INFO Data synchronization complete
2025-06-02 06:16:22 INFO System started
2025-06-04 08:02:58 WARN Deprecated API call detected
2025-06-05 20:41:16 ERROR Permission denied
2025-06-06 05:04:14 ERROR Configuration file not found
2025-06-07 19:33:43 WARN Deprecated API call detected
2025-06-07 03:24:56 WARN Deprecated API call detected
2025-06-08 15:04:57 WARN Memory usage high
2025-06-02 12:22:14 WARN Memory usage high
2025-06-07 22:28:14 ERROR Null reference exception
2025-06-03 22:23:22 ERROR Database connection failed
2025-06-03 19:03:40 INFO Configuration loaded
2025-06-02 21:41:32 INFO Configuration loaded
2025-06-05 20:54:40 INFO System started
2025-06-08 15:33:03 WARN Deprecated API call detected
2025-06-03 18:26:56 ERROR Permission denied
2025-06-02 18:40:19 WARN Memory usage high
2025-06-06 13:04:09 WARN Memory usage high
2025-06-02 14:21:08 ERROR Configuration file not found
2025-06-07 21:26:58 ERROR Permission denied
2025-06-05 06:44:42 ERROR Database connection failed
2025-06-02 12:03:23 ERROR Configuration file not found
2025-06-08 10:47:19 INFO Data synchronization complete
2025-06-05 21:24:08 WARN Memory usage high
2025-06-04 06:48:31 INFO Data synchronization complete
2025-06-03 06:57:18 WARN Network latency detected
2025-06-03 02:48:17 INFO User logged in
2025-06-05 21:50:23 INFO System started
2025-06-05 17:32:24 INFO Data synchronization complete
2025-06-04 14:04:15 ERROR Null reference exception
2025-06-04 18:08:01 INFO System started
2025-06-03 20:22:53 INFO Configuration loaded
2025-06-06 13:32:32 ERROR Null reference exception
2025-06-08 02:48:15 INFO User logged in
2025-06-06 22:41:57 INFO System started
2025-06-03 02:27:14 INFO User logged in
2025-06-02 19:26:17 INFO User logged in
2025-06-05 18:18:15 WARN Network latency detected
2025-06-06 22:49:40 INFO System started
2025-06-02 04:23:25 INFO System started
2025-06-03 12:32:48 WARN Memory usage high
2025-06-03 12:15:52 ERROR Configuration file not found
2025-06-02 20:45:07 WARN Low disk space
2025-06-07 17:49:37 INFO System started
2025-06-02 15:30:50 INFO Configuration loaded
2025-06-06 18:19:49 INFO Data synchronization complete
2025-06-04 20:43:52 INFO User logged in
2025-06-03 02:07:49 ERROR Database connection failed
2025-06-03 04:09:43 WARN Low disk space
2025-06-02 18:03:04 WARN Memory usage high
2025-06-03 13:04:04 INFO Data synchronization complete
2025-06-02 15:27:50 ERROR Permission denied
2025-06-03 01:22:07 ERROR Null reference exception
2025-06-06 09:56:41 ERROR Null reference exception
2025-06-04 01:48:29 WARN Low disk space
2025-06-03 13:50:17 ERROR Configuration file not found
2025-06-08 05:31:03 WARN Deprecated API call detected
2025-06-06 13:10:55 ERROR Configuration file not found
2025-06-07 03:57:34 ERROR Database connection failed
2025-06-07 17:33:41 WARN Memory usage high
2025-06-06 16:37:44 ERROR Null reference exception
2025-06-07 04:06:25 INFO User logged in
2025-06-04 18:18:48 INFO System started
2025-06-05 14:17:49 WARN Network latency detected
2025-06-02 18:51:06 ERROR Permission denied
2025-06-06 10:12:55 ERROR Null reference exception
2025-06-07 02:34:41 INFO User logged in
2025-06-03 13:42:20 INFO Data synchronization complete
2025-06-07 04:24:03 INFO System started
2025-06-05 22:43:43 ERROR Permission denied
2025-06-08 19:22:50 WARN Network latency detected
2025-06-07 14:01:49 WARN Deprecated API call detected
2025-06-03 01:07:37 ERROR Null reference exception
2025-06-04 22:12:51 ERROR Database connection failed
2025-06-03 19:59:42 INFO Data synchronization complete
2025-06-02 07:08:21 WARN Low disk space
2025-06-06 13:32:38 ERROR Configuration file not found
2025-06-04 01:56:06 WARN Memory usage high
2025-06-06 05:03:13 INFO Data synchronization complete
2025-06-04 07:07:42 ERROR Permission denied
2025-06-04 05:58:07 WARN Network latency detected
2025-06-05 01:57:22 WARN Memory usage high
2025-06-03 01:03:05 ERROR Database connection failed
2025-06-02 06:42:28 WARN Memory usage high
2025-06-03 00:48:03 INFO User logged in
2025-06-08 02:38:17 INFO User logged in
2025-06-05 08:02:52 ERROR Permission denied
2025-06-08 12:53:36 WARN Memory usage high
2025-06-04 10:24:27 ERROR Database connection failed
2025-06-08 02:55:27 WARN Network latency detected
2025-06-06 13:44:08 ERROR Permission denied
2025-06-02 03:30:18 ERROR Null reference exception
2025-06-08 08:20:35 ERROR Database connection failed
2025-06-08 17:46:15 WARN Network latency detected
2025-06-07 17:10:54 ERROR Null reference exception
2025-06-03 05:05:56 INFO System started
2025-06-06 22:47:38 ERROR Permission denied
2025-06-04 05:30:48 ERROR Database connection failed
2025-06-07 11:12:03 ERROR Null reference exception
2025-06-06 12:35:45 ERROR Configuration file not found
2025-06-04 09:25:57 INFO User logged in
2025-06-07 04:47:54 WARN Network latency detected
2025-06-04 11:58:35 WARN Low disk space
2025-06-07 02:53:33 INFO Configuration loaded
2025-06-06 06:22:31 INFO Configuration loaded
2025-06-03 03:14:40 INFO System started
2025-06-02 13:47:43 WARN Low disk space
2025-06-02 23:18:09 ERROR Null reference exception
2025-06-08 05:18:46 WARN Low disk space
2025-06-05 00:55:05 INFO Configuration loaded
2025-06-07 11:36:38 WARN Network latency detected
2025-06-01 21:56:32 ERROR Database connection failed
2025-06-04 05:52:14 ERROR Null reference exception
2025-06-04 16:17:57 ERROR Null reference exception
2025-06-03 13:50:36 INFO System started
2025-06-08 03:57:32 WARN Low disk space
2025-06-04 16:57:10 INFO Configuration loaded
2025-06-07 13:26:37 ERROR Permission denied
2025-06-02 11:20:19 WARN Network latency detected
2025-06-02 22:35:11 ERROR Null reference exception
2025-06-06 16:26:21 ERROR Database connection failed
2025-06-01 23:57:00 WARN Network latency detected
2025-06-08 09:22:09 INFO System started
2025-06-04 16:51:43 ERROR Configuration file not found
2025-06-06 17:10:57 INFO System started
2025-06-06 08:55:24 ERROR Database connection failed
2025-06-02 14:35:44 ERROR Database connection failed
2025-06-05 06:21:15 ERROR Database connection failed
2025-06-08 07:30:09 WARN Deprecated API call detected
2025-06-02 00:55:25 WARN Deprecated API call detected
2025-06-08 06:24:31 ERROR Database connection failed
2025-06-05 17:29:40 INFO Data synchronization complete
2025-06-03 17:51:03 INFO System started
2025-06-02 13:02:28 WARN Deprecated API call detected
2025-06-03 15:10:47 ERROR Configuration file not found
2025-06-02 18:34:15 WARN Low disk space
2025-06-07 04:32:29 WARN Network latency detected
2025-06-05 11:52:34 INFO System started
2025-06-06 02:30:20 ERROR Null reference exception
2025-06-06 13:59:05 INFO Configuration loaded
2025-06-07 21:00:33 ERROR Database connection failed
2025-06-06 01:34:09 ERROR Null reference exception
2025-06-04 16:27:02 WARN Network latency detected
2025-06-06 20:17:39 INFO User logged in
2025-06-06 23:03:57 ERROR Database connection failed
2025-06-02 19:36:21 ERROR Permission denied
2025-06-04 03:37:09 WARN Deprecated API call detected
2025-06-04 15:29:05 WARN Network latency detected
2025-06-05 17:18:06 INFO User logged in
2025-06-03 11:22:20 WARN Network latency detected
2025-06-07 22:06:52 INFO Data synchronization complete
2025-06-02 04:54:08 WARN Deprecated API call detected
2025-06-06 19:39:59 ERROR Configuration file not found
2025-06-05 19:39:57 ERROR Permission denied
2025-06-07 02:12:50 INFO System started
2025-06-03 04:00:35 INFO System started
2025-06-05 13:13:34 WARN Deprecated API call detected
2025-06-05 12:44:06 ERROR Database connection failed
2025-06-05 10:49:28 WARN Deprecated API call detected
2025-06-06 05:07:49 INFO System started
2025-06-02 10:45:31 WARN Network latency detected
2025-06-05 04:21:16 ERROR Permission denied
2025-06-02 02:33:30 ERROR Permission denied
2025-06-08 18:17:20 ERROR Configuration file not found
2025-06-08 00:02:38 WARN Deprecated API call detected
2025-06-05 21:07:50 ERROR Configuration file not found
2025-06-07 04:21:49 ERROR Database connection failed
2025-06-08 08:39:39 ERROR Configuration file not found
2025-06-03 08:27:49 WARN Low disk space
2025-06-03 20:45:41 ERROR Permission denied
2025-06-03 01:58:00 WARN Network latency detected
2025-06-04 07:17:40 WARN Low disk space
2025-06-03 05:54:34 ERROR Null reference exception
2025-06-07 10:11:58 ERROR Configuration file not found
2025-06-02 22:38:23 ERROR Configuration file not found
2025-06-05 04:14:04 ERROR Configuration file not found
2025-06-02 00:21:42 INFO System started
2025-06-02 15:15:50 ERROR Configuration file not found
2025-06-03 01:06:19 WARN Low disk space
2025-06-04 09:15:00 WARN Network latency detected
2025-06-06 03:36:15 INFO Data synchronization complete
2025-06-07 08:19:59 ERROR Database connection failed
2025-06-04 04:48:41 WARN Deprecated API call detected
2025-06-02 13:06:34 INFO User logged in
2025-06-03 07:56:36 WARN Memory usage high
2025-06-02 05:55:15 INFO System started
2025-06-03 01:07:18 INFO System started
2025-06-02 08:13:15 WARN Deprecated API call detected
2025-06-02 21:14:00 WARN Low disk space
2025-06-04 05:38:48 WARN Deprecated API call detected
2025-06-04 06:23:45 WARN Memory usage high
2025-06-03 07:51:18 ERROR Permission denied
2025-06-04 21:07:33 ERROR Permission denied
2025-06-08 05:04:49 ERROR Permission denied
2025-06-06 03:57:16 WARN Deprecated API call detected
2025-06-03 14:42:49 WARN Deprecated API call detected
2025-06-05 12:02:35 INFO Data synchronization complete
2025-06-06 00:09:59 ERROR Null reference exception
2025-06-06 22:24:23 WARN Deprecated API call detected
2025-06-05 16:32:15 INFO Configuration loaded
2025-06-02 04:04:38 INFO Configuration loaded
2025-06-08 19:35:56 INFO System started
2025-06-05 11:52:04 INFO User logged in
2025-06-03 20:19:26 ERROR Null reference exception
2025-06-01 22:25:31 INFO User logged in
2025-06-08 10:04:50 ERROR Permission denied
2025-06-03 03:33:57 INFO Data synchronization complete
2025-06-03 01:32:59 WARN Low disk space
2025-06-06 16:10:41 WARN Low disk space
2025-06-03 17:25:41 ERROR Null reference exception
2025-06-02 12:14:54 WARN Network latency detected
2025-06-05 20:35:36 WARN Memory usage high
2025-06-06 12:24:13 INFO User logged in
2025-06-03 06:46:38 WARN Network latency detected
2025-06-07 12:09:27 ERROR Permission denied
2025-06-03 17:19:00 WARN Network latency detected
2025-06-03 12:49:28 INFO System started
2025-06-05 05:31:44 INFO User logged in
2025-06-05 03:13:41 ERROR Null reference exception
2025-06-02 15:21:13 INFO User logged in
2025-06-03 09:54:21 ERROR Null reference exception
2025-06-05 18:21:23 INFO Data synchronization complete
2025-06-02 20:39:23 INFO Data synchronization complete
2025-06-07 07:04:22 WARN Low disk space
2025-06-04 14:53:41 WARN Memory usage high
2025-06-08 04:07:58 INFO Configuration loaded
2025-06-07 07:28:03 INFO User logged in
2025-06-07 07:50:09 ERROR Configuration file not found
2025-06-03 21:12:21 ERROR Permission denied
2025-06-02 01:11:03 INFO Configuration loaded
2025-06-07 22:32:46 ERROR Permission denied
2025-06-03 10:19:21 ERROR Permission denied
2025-06-07 22:41:21 ERROR Configuration file not found
2025-06-04 08:51:50 ERROR Null reference exception
2025-06-07 19:25:56 WARN Memory usage high
2025-06-04 23:01:15 INFO User logged in
2025-06-05 03:37:34 WARN Memory usage high
2025-06-02 03:01:02 ERROR Database connection failed
2025-06-06 22:06:13 WARN Network latency detected
2025-06-06 05:14:08 INFO Data synchronization complete
2025-06-03 12:16:44 WARN Network latency detected
2025-06-05 18:27:59 WARN Low disk space
2025-06-05 23:09:27 WARN Low disk space
2025-06-06 21:01:34 INFO Configuration loaded
2025-06-07 09:55:58 ERROR Permission denied
2025-06-07 12:46:39 ERROR Database connection failed
2025-06-05 11:55:59 ERROR Configuration file not found
2025-06-07 00:45:13 ERROR Permission denied
2025-06-03 10:08:34 ERROR Null reference exception
2025-06-03 18:05:57 WARN Low disk space
2025-06-04 16:53:09 INFO User logged in
2025-06-04 03:13:24 INFO User logged in
2025-06-01 21:59:56 WARN Memory usage high
2025-06-08 17:31:48 WARN Memory usage high
2025-06-05 09:50:11 ERROR Configuration file not found
2025-06-08 15:15:03 ERROR Permission denied
2025-06-05 17:31:02 WARN Low disk space
2025-06-03 00:04:29 ERROR Database connection failed
2025-06-08 11:34:37 INFO System started
2025-06-06 18:38:18 ERROR Permission denied
2025-06-03 09:30:10 ERROR Database connection failed
2025-06-07 05:03:46 ERROR Null reference exception
2025-06-04 00:37:44 ERROR Permission denied
2025-06-07 04:36:57 INFO Configuration loaded
2025-06-07 12:17:40 ERROR Permission denied
2025-06-08 09:46:21 WARN Low disk space
2025-06-06 05:14:22 WARN Low disk space
2025-06-02 07:47:04 INFO System started
2025-06-03 01:55:29 ERROR Database connection failed
2025-06-08 10:51:14 ERROR Permission denied
2025-06-07 05:28:54 WARN Memory usage high
2025-06-02 02:53:51 INFO User logged in
2025-06-03 16:08:56 WARN Deprecated API call detected
2025-06-06 21:54:51 ERROR Database connection failed
2025-06-05 14:37:55 ERROR Database connection failed
2025-06-03 13:34:59 ERROR Database connection failed
2025-06-05 10:10:23 INFO System started
2025-06-08 13:40:13 INFO Configuration loaded
2025-06-02 02:18:31 ERROR Database connection failed
2025-06-06 01:32:47 ERROR Null reference exception
2025-06-02 07:20:07 ERROR Configuration file not found
2025-06-05 09:43:18 ERROR Database connection failed
2025-06-05 13:35:19 WARN Deprecated API call detected
2025-06-04 12:02:24 WARN Low disk space
2025-06-06 21:49:44 INFO Data synchronization complete
2025-06-05 21:44:34 INFO Data synchronization complete
2025-06-05 21:40:43 WARN Deprecated API call detected
2025-06-06 21:23:30 INFO Configuration loaded
2025-06-06 12:46:20 ERROR Permission denied
2025-06-07 21:06:34 INFO Data synchronization complete
2025-06-04 20:49:47 WARN Network latency detected
2025-06-04 01:59:29 WARN Memory usage high
2025-06-07 19:24:50 ERROR Permission denied
2025-06-06 10:32:36 INFO Configuration loaded
2025-06-05 11:10:29 WARN Low disk space
2025-06-04 04:16:37 INFO Configuration loaded
2025-06-07 04:55:31 INFO Configuration loaded
2025-06-05 06:31:19 ERROR Configuration file not found
2025-06-03 05:57:45 WARN Deprecated API call detected
2025-06-06 23:24:41 INFO System started
2025-06-02 02:06:10 INFO Data synchronization complete
2025-06-05 09:14:07 INFO User logged in
2025-06-07 08:03:11 INFO Configuration loaded
2025-06-08 07:40:10 ERROR Database connection failed
2025-06-03 18:01:01 WARN Low disk space
2025-06-03 04:36:20 ERROR Null reference exception
2025-06-06 13:47:36 WARN Memory usage high
2025-06-02 04:48:13 WARN Network latency detected
2025-06-05 19:40:09 WARN Deprecated API call detected
2025-06-03 00:26:15 WARN Low disk space
2025-06-03 15:18:34 WARN Deprecated API call detected
2025-06-05 14:31:36 ERROR Database connection failed
2025-06-07 11:14:11 INFO System started
2025-06-04 03:26:04 ERROR Permission denied
2025-06-04 06:09:15 INFO User logged in
2025-06-04 11:15:57 ERROR Null reference exception
2025-06-05 16:58:30 WARN Low disk space
2025-06-07 02:54:47 ERROR Database connection failed
2025-06-05 05:39:54 WARN Deprecated API call detected
2025-06-07 07:52:58 INFO Data synchronization complete
2025-06-05 09:13:40 INFO System started
2025-06-08 00:48:41 WARN Low disk space
2025-06-08 01:04:40 INFO User logged in
2025-06-07 17:32:31 WARN Deprecated API call detected
2025-06-05 13:18:00 INFO System started
2025-06-08 17:08:54 INFO User logged in
2025-06-08 05:30:25 WARN Low disk space
2025-06-01 22:14:54 INFO Configuration loaded
2025-06-05 05:43:07 INFO Data synchronization complete
2025-06-08 02:17:00 INFO Data synchronization complete
2025-06-05 02:29:23 WARN Memory usage high
2025-06-08 03:41:21 WARN Memory usage high
2025-06-05 12:34:49 ERROR Permission denied
2025-06-04 18:14:02 ERROR Permission denied
2025-06-02 01:10:14 INFO Configuration loaded
2025-06-07 00:46:26 WARN Network latency detected
2025-06-04 21:56:50 WARN Deprecated API call detected
2025-06-08 08:09:14 ERROR Configuration file not found
2025-06-06 04:27:01 WARN Low disk space
2025-06-03 15:17:08 ERROR Configuration file not found
2025-06-05 20:47:24 ERROR Permission denied
2025-06-02 07:17:28 INFO User logged in
2025-06-06 15:30:55 INFO System started
2025-06-05 00:11:04 ERROR Permission denied
2025-06-02 23:01:02 INFO User logged in
2025-06-03 13:15:55 INFO System started
2025-06-07 15:26:59 INFO User logged in
2025-06-02 08:38:35 ERROR Null reference exception
2025-06-05 09:13:41 ERROR Database connection failed
2025-06-03 16:57:35 INFO Data synchronization complete
2025-06-05 03:43:40 INFO Data synchronization complete
2025-06-07 22:05:00 INFO User logged in
2025-06-05 17:26:32 WARN Memory usage high
2025-06-08 17:13:33 ERROR Permission denied
2025-06-07 15:40:30 WARN Network latency detected
2025-06-08 10:07:26 ERROR Null reference exception
2025-06-03 14:44:35 WARN Network latency detected
2025-06-06 18:01:22 INFO Configuration loaded
2025-06-06 18:25:20 WARN Low disk space
2025-06-02 01:23:31 WARN Network latency detected
2025-06-06 13:50:07 INFO Data synchronization complete
2025-06-02 05:53:00 INFO User logged in
2025-06-03 11:45:20 WARN Network latency detected
2025-06-05 13:07:25 WARN Deprecated API call detected
2025-06-08 16:25:16 INFO User logged in
2025-06-03 21:22:42 WARN Memory usage high
2025-06-04 18:18:58 INFO System started
2025-06-07 20:10:43 INFO System started
2025-06-03 22:55:17 INFO User logged in
2025-06-03 10:23:29 INFO User logged in
2025-06-07 22:36:01 ERROR Database connection failed
2025-06-06 15:18:17 WARN Memory usage high
2025-06-02 17:54:45 WARN Memory usage high
2025-06-05 07:14:48 WARN Low disk space
2025-06-03 06:34:35 ERROR Database connection failed
2025-06-04 02:11:31 INFO User logged in
2025-06-01 20:52:21 INFO Data synchronization complete
2025-06-06 07:42:26 INFO User logged in
2025-06-03 15:27:57 WARN Deprecated API call detected
2025-06-08 07:48:50 WARN Low disk space
2025-06-05 05:51:30 WARN Deprecated API call detected
2025-06-06 18:25:09 ERROR Permission denied
2025-06-08 07:57:21 INFO Data synchronization complete
2025-06-04 00:47:55 ERROR Permission denied
2025-06-06 15:47:53 ERROR Configuration file not found
2025-06-03 10:49:09 WARN Deprecated API call detected
2025-06-04 07:08:29 WARN Low disk space
2025-06-06 05:42:14 INFO Data synchronization complete
2025-06-06 16:50:53 ERROR Permission denied
2025-06-03 19:32:39 WARN Memory usage high
2025-06-06 21:50:21 WARN Memory usage high
2025-06-06 22:11:46 INFO Configuration loaded
2025-06-02 01:52:02 ERROR Null reference exception
2025-06-08 14:15:43 INFO Configuration loaded
2025-06-05 13:41:41 WARN Deprecated API call detected
2025-06-07 21:08:32 WARN Deprecated API call detected
2025-06-03 10:02:06 ERROR Null reference exception
2025-06-03 01:22:34 WARN Low disk space
2025-06-06 10:11:00 WARN Low disk space
2025-06-06 05:21:31 WARN Low disk space
2025-06-03 05:42:50 WARN Memory usage high
2025-06-05 18:02:32 WARN Deprecated API call detected
2025-06-06 21:47:44 ERROR Null reference exception
2025-06-03 03:27:54 INFO User logged in
2025-06-05 03:45:31 WARN Network latency detected
2025-06-03 21:17:19 WARN Low disk space
2025-06-03 12:58:50 INFO System started
2025-06-02 05:18:51 INFO Configuration loaded
2025-06-03 02:23:51 INFO Data synchronization complete
2025-06-06 11:48:51 INFO Data synchronization complete
2025-06-02 02:34:09 INFO Configuration loaded
2025-06-04 16:43:08 ERROR Permission denied
2025-06-08 14:45:01 WARN Deprecated API call detected
2025-06-08 19:39:30 ERROR Permission denied
2025-06-07 14:21:15 WARN Low disk space
2025-06-03 11:54:56 WARN Memory usage high
2025-06-03 01:41:03 ERROR Database connection failed
2025-06-08 04:13:02 WARN Network latency detected
2025-06-06 17:19:33 WARN Network latency detected
2025-06-06 18:26:24 ERROR Configuration file not found
2025-06-03 06:38:54 WARN Memory usage high
2025-06-07 01:32:22 WARN Deprecated API call detected
2025-06-08 00:00:48 ERROR Null reference exception
2025-06-02 22:20:19 ERROR Null reference exception
2025-06-07 20:12:02 INFO Configuration loaded
2025-06-02 22:26:40 WARN Memory usage high
2025-06-05 02:56:43 INFO Configuration loaded
2025-06-07 10:36:10 ERROR Permission denied
2025-06-03 01:49:54 INFO User logged in
2025-06-02 01:22:14 INFO System started
2025-06-05 21:32:11 INFO Configuration loaded
2025-06-02 09:50:24 INFO Data synchronization complete
2025-06-08 16:24:02 ERROR Null reference exception
2025-06-03 19:51:49 WARN Memory usage high
2025-06-08 12:30:41 WARN Deprecated API call detected
2025-06-06 11:43:24 INFO User logged in
2025-06-02 19:00:20 INFO System started
2025-06-06 22:29:56 WARN Low disk space
2025-06-06 03:16:46 INFO User logged in
2025-06-07 23:44:57 INFO Data synchronization complete
2025-06-02 12:26:43 WARN Deprecated API call detected
2025-06-05 16:18:38 WARN Network latency detected
2025-06-07 23:23:16 WARN Deprecated API call detected
2025-06-04 01:13:41 WARN Network latency detected
2025-06-03 00:06:03 ERROR Null reference exception
2025-06-04 07:10:03 INFO Data synchronization complete
2025-06-05 06:48:20 ERROR Database connection failed
2025-06-07 05:53:11 WARN Memory usage high
2025-06-05 21:41:27 ERROR Null reference exception
2025-06-02 12:13:31 ERROR Permission denied
2025-06-04 14:57:50 INFO Data synchronization complete
2025-06-03 00:23:24 WARN Network latency detected
2025-06-07 05:19:33 WARN Deprecated API call detected
2025-06-04 03:47:36 ERROR Configuration file not found
2025-06-02 01:25:32 WARN Network latency detected
2025-06-02 02:25:34 WARN Deprecated API call detected
2025-06-02 03:36:49 WARN Deprecated API call detected
2025-06-05 08:48:37 ERROR Database connection failed
2025-06-06 15:23:04 INFO User logged in
2025-06-06 22:51:04 WARN Low disk space
2025-06-07 20:44:16 ERROR Configuration file not found
2025-06-08 09:58:04 ERROR Configuration file not found
2025-06-08 17:55:32 INFO System started
2025-06-04 16:05:43 WARN Low disk space
2025-06-02 03:39:39 WARN Memory usage high
2025-06-07 04:08:58 WARN Memory usage high
2025-06-07 07:43:45 ERROR Database connection failed
2025-06-02 17:51:17 INFO User logged in
2025-06-03 09:28:23 ERROR Null reference exception
2025-06-08 09:39:01 INFO System started
2025-06-06 11:19:34 ERROR Database connection failed
2025-06-03 01:33:30 WARN Deprecated API call detected
2025-06-02 19:42:27 ERROR Null reference exception
2025-06-02 22:39:51 ERROR Database connection failed
2025-06-03 13:10:43 INFO User logged in
2025-06-01 23:51:10 INFO System started
2025-06-06 16:04:04 INFO System started
2025-06-06 19:25:15 ERROR Permission denied
2025-06-02 14:27:04 WARN Memory usage high
2025-06-03 00:40:34 ERROR Permission denied
2025-06-08 16:41:43 ERROR Configuration file not found
2025-06-06 01:28:09 WARN Deprecated API call detected
2025-06-08 06:37:10 INFO Data synchronization complete
2025-06-06 03:52:58 WARN Low disk space
2025-06-07 04:51:13 WARN Memory usage high
2025-06-03 06:01:50 INFO User logged in
2025-06-02 01:08:19 ERROR Database connection failed
2025-06-02 01:29:05 INFO Data synchronization complete
2025-06-04 05:25:38 WARN Memory usage high
2025-06-06 02:44:49 INFO System started
2025-06-06 15:50:01 WARN Network latency detected
2025-06-06 04:48:54 INFO User logged in
2025-06-03 11:19:13 WARN Network latency detected
2025-06-07 19:41:53 WARN Network latency detected
2025-06-04 18:01:28 INFO System started
2025-06-04 11:43:32 WARN Deprecated API call detected
2025-06-03 04:48:30 ERROR Null reference exception
2025-06-05 13:53:47 ERROR Database connection failed
2025-06-06 14:53:45 INFO System started
2025-06-02 20:26:45 WARN Memory usage high
2025-06-03 08:43:22 ERROR Configuration file not found
2025-06-02 20:27:02 INFO Data synchronization complete
2025-06-05 10:05:17 ERROR Database connection failed
2025-06-05 18:03:14 WARN Network latency detected
2025-06-08 17:05:08 ERROR Permission denied
2025-06-03 13:13:11 INFO System started
2025-06-08 06:39:56 ERROR Configuration file not found
2025-06-06 16:14:48 INFO Data synchronization complete
2025-06-07 02:08:45 INFO Configuration loaded
2025-06-08 05:10:49 ERROR Permission denied
2025-06-03 06:15:09 WARN Network latency detected
2025-06-03 11:50:40 INFO System started
2025-06-04 17:52:09 ERROR Null reference exception
2025-06-08 06:08:59 INFO User logged in
2025-06-05 14:01:52 INFO System started
2025-06-05 08:29:23 WARN Low disk space
2025-06-08 16:31:21 ERROR Permission denied
2025-06-05 07:28:38 ERROR Database connection failed
2025-06-06 21:19:37 WARN Low disk space
2025-06-05 09:39:36 WARN Low disk space
2025-06-03 11:52:25 INFO Configuration loaded
2025-06-04 03:43:12 INFO Configuration loaded
2025-06-04 19:20:00 ERROR Permission denied
2025-06-04 23:52:09 INFO User logged in
2025-06-05 02:12:52 WARN Low disk space
2025-06-04 12:40:50 INFO System started
2025-06-06 07:56:08 INFO User logged in
2025-06-05 18:25:03 INFO System started
2025-06-06 15:40:18 INFO Data synchronization complete
2025-06-03 05:09:06 WARN Deprecated API call detected
2025-06-05 15:54:58 WARN Network latency detected
2025-06-08 16:19:50 ERROR Null reference exception
2025-06-07 11:25:12 ERROR Database connection failed
2025-06-06 12:33:48 INFO User logged in
2025-06-04 05:05:36 ERROR Permission denied
2025-06-06 17:01:34 WARN Network latency detected
2025-06-02 16:35:23 INFO Data synchronization complete
2025-06-03 22:57:10 ERROR Configuration file not found
2025-06-02 03:14:29 ERROR Database connection failed
2025-06-02 20:06:14 ERROR Configuration file not found
2025-06-03 11:44:58 INFO Data synchronization complete
2025-06-07 08:30:22 INFO Configuration loaded
2025-06-04 12:05:37 ERROR Database connection failed
2025-06-02 09:19:05 ERROR Configuration file not found
2025-06-05 08:58:12 ERROR Permission denied
2025-06-02 23:48:32 INFO Data synchronization complete
2025-06-05 14:28:51 ERROR Null reference exception
2025-06-07 18:41:53 INFO Configuration loaded
2025-06-02 17:08:25 INFO System started
2025-06-02 07:34:49 ERROR Permission denied
2025-06-05 17:37:15 INFO System started
2025-06-08 01:02:03 INFO Configuration loaded
2025-06-05 08:41:43 INFO Configuration loaded
2025-06-05 17:56:38 INFO Configuration loaded
2025-06-05 00:31:15 ERROR Permission denied
2025-06-06 20:47:17 ERROR Configuration file not found
2025-06-04 17:23:10 INFO System started
2025-06-06 04:16:00 WARN Deprecated API call detected
2025-06-03 12:45:23 INFO Configuration loaded
2025-06-05 23:18:28 WARN Memory usage high
2025-06-04 18:15:51 INFO System started
2025-06-06 09:39:39 ERROR Configuration file not found
2025-06-03 13:24:29 INFO Configuration loaded
2025-06-03 14:49:19 INFO Configuration loaded
2025-06-07 13:17:35 WARN Low disk space
2025-06-02 00:35:53 WARN Memory usage high
2025-06-04 22:36:39 INFO User logged in
2025-06-08 17:49:51 INFO Data synchronization complete
2025-06-02 05:40:58 INFO System started
2025-06-02 04:26:57 INFO Data synchronization complete
2025-06-06 06:23:51 ERROR Database connection failed
2025-06-06 10:23:48 WARN Memory usage high
2025-06-02 17:59:56 ERROR Database connection failed
2025-06-07 01:02:11 ERROR Database connection failed
2025-06-05 06:27:59 WARN Network latency detected
2025-06-05 17:29:32 WARN Memory usage high
2025-06-07 04:50:04 INFO Configuration loaded
2025-06-02 11:59:14 WARN Network latency detected
2025-06-08 05:26:44 INFO System started
2025-06-04 14:29:33 ERROR Database connection failed
2025-06-06 19:15:22 INFO System started
2025-06-03 16:25:35 INFO User logged in
2025-06-02 21:31:50 INFO System started
2025-06-03 09:02:31 INFO Data synchronization complete
2025-06-07 21:16:02 INFO User logged in
2025-06-03 09:28:07 ERROR Database connection failed
2025-06-03 19:50:22 WARN Memory usage high
2025-06-07 12:47:48 ERROR Database connection failed
2025-06-03 18:10:07 ERROR Null reference exception
2025-06-08 06:28:14 ERROR Database connection failed
2025-06-06 09:13:40 ERROR Configuration file not found
2025-06-05 06:08:44 ERROR Database connection failed
2025-06-07 00:06:26 WARN Network latency detected
2025-06-05 08:04:37 WARN Low disk space
2025-06-08 06:44:03 INFO System started
2025-06-06 05:06:04 WARN Network latency detected
2025-06-07 07:52:41 INFO User logged in
2025-06-07 16:50:27 INFO User logged in
2025-06-06 17:15:33 WARN Memory usage high
2025-06-02 05:20:24 WARN Memory usage high
2025-06-06 14:48:34 INFO User logged in
2025-06-07 23:00:10 WARN Low disk space
2025-06-04 00:41:25 WARN Memory usage high
2025-06-04 15:43:58 ERROR Database connection failed
2025-06-06 06:12:34 INFO User logged in
2025-06-08 11:16:27 WARN Network latency detected
2025-06-03 10:19:06 ERROR Database connection failed
2025-06-02 14:41:31 INFO Data synchronization complete
2025-06-03 19:07:54 INFO System started
2025-06-01 21:55:00 WARN Deprecated API call detected
2025-06-08 13:37:09 INFO System started
2025-06-07 01:45:38 INFO User logged in
2025-06-05 08:51:02 WARN Deprecated API call detected
2025-06-04 06:47:10 ERROR Database connection failed
2025-06-02 05:05:47 ERROR Null reference exception
2025-06-05 09:12:07 INFO Configuration loaded
2025-06-04 03:04:05 WARN Memory usage high
2025-06-06 16:15:23 ERROR Configuration file not found
2025-06-08 03:43:44 ERROR Configuration file not found
2025-06-06 20:50:59 INFO System started
2025-06-07 04:20:17 INFO Configuration loaded
2025-06-08 12:49:31 ERROR Permission denied
2025-06-05 12:16:15 ERROR Configuration file not found
2025-06-06 19:24:58 WARN Low disk space
2025-06-01 21:28:09 ERROR Database connection failed
2025-06-07 13:42:35 INFO Data synchronization complete
2025-06-05 12:12:00 ERROR Permission denied
2025-06-06 14:13:36 INFO System started
2025-06-02 15:59:43 INFO User logged in
2025-06-04 02:02:41 INFO User logged in
2025-06-01 20:50:04 WARN Memory usage high
2025-06-07 00:57:20 WARN Memory usage high
2025-06-02 21:00:05 ERROR Null reference exception
2025-06-07 15:17:00 INFO Data synchronization complete
2025-06-02 07:00:03 INFO System started
2025-06-02 23:56:32 WARN Network latency detected
2025-06-07 17:36:47 WARN Low disk space
2025-06-06 22:36:31 ERROR Database connection failed
2025-06-08 11:23:28 WARN Network latency detected
2025-06-06 06:30:45 WARN Low disk space
2025-06-06 20:30:23 INFO Configuration loaded
2025-06-07 21:41:58 INFO Data synchronization complete
2025-06-04 02:28:37 INFO System started
2025-06-07 17:29:12 INFO Data synchronization complete
2025-06-04 21:44:57 WARN Network latency detected
2025-06-07 05:25:46 INFO Configuration loaded
2025-06-05 14:28:28 WARN Network latency detected
2025-06-04 04:53:23 INFO Configuration loaded
2025-06-07 05:48:59 WARN Low disk space
2025-06-06 17:30:24 WARN Memory usage high
2025-06-07 01:44:45 INFO System started
2025-06-08 16:47:06 INFO Data synchronization complete
2025-06-04 11:45:30 WARN Deprecated API call detected
2025-06-05 07:26:33 INFO Data synchronization complete
2025-06-05 00:58:48 INFO User logged in
2025-06-03 05:25:51 WARN Network latency detected
2025-06-04 20:46:29 ERROR Database connection failed
2025-06-06 21:48:52 ERROR Database connection failed
2025-06-03 08:38:16 WARN Network latency detected
2025-06-05 07:38:47 INFO System started
2025-06-07 06:18:05 WARN Deprecated API call detected
2025-06-07 16:26:47 WARN Deprecated API call detected
2025-06-07 05:30:36 WARN Memory usage high
2025-06-05 19:07:09 ERROR Permission denied
2025-06-04 03:03:29 ERROR Database connection failed
2025-06-05 22:16:18 WARN Memory usage high
2025-06-08 19:40:30 INFO Configuration loaded
2025-06-07 14:06:18 ERROR Configuration file not found
2025-06-07 01:13:03 INFO Data synchronization complete
2025-06-06 18:21:09 WARN Deprecated API call detected
2025-06-05 13:02:39 INFO System started
2025-06-04 16:10:55 WARN Memory usage high
2025-06-03 03:24:48 ERROR Null reference exception
2025-06-04 05:18:02 WARN Low disk space
2025-06-08 18:19:21 ERROR Permission denied
2025-06-04 21:48:29 WARN Network latency detected
2025-06-06 06:08:42 WARN Deprecated API call detected
2025-06-03 01:03:48 WARN Memory usage high
2025-06-07 02:02:56 WARN Low disk space
2025-06-03 16:29:24 WARN Low disk space
2025-06-04 04:44:49 ERROR Permission denied
2025-06-07 22:52:31 INFO System started
2025-06-06 20:02:04 WARN Network latency detected
2025-06-08 06:39:46 ERROR Configuration file not found
2025-06-06 19:47:59 INFO User logged in
2025-06-07 08:11:24 INFO Data synchronization complete
2025-06-07 12:20:51 WARN Deprecated API call detected
2025-06-02 10:31:27 ERROR Permission denied
2025-06-02 07:32:24 ERROR Database connection failed
2025-06-04 18:21:48 INFO Data synchronization complete
2025-06-07 01:23:14 WARN Deprecated API call detected
2025-06-06 09:11:56 INFO User logged in
2025-06-02 06:04:23 WARN Memory usage high
2025-06-07 09:09:28 WARN Deprecated API call detected
2025-06-04 11:31:22 INFO Data synchronization complete
2025-06-02 05:02:24 INFO Configuration loaded
2025-06-02 22:21:15 WARN Deprecated API call detected
2025-06-05 08:45:51 INFO User logged in
2025-06-02 04:41:53 INFO Configuration loaded
2025-06-02 10:55:04 WARN Low disk space
2025-06-02 13:03:16 WARN Memory usage high
2025-06-07 20:48:53 INFO Configuration loaded
2025-06-05 15:17:48 WARN Network latency detected
2025-06-08 17:50:52 INFO Configuration loaded
2025-06-05 08:47:50 INFO Data synchronization complete
2025-06-06 07:49:39 INFO System started
2025-06-06 09:11:17 WARN Low disk space
2025-06-03 08:41:28 ERROR Database connection failed
2025-06-03 11:09:01 INFO System started
2025-06-03 08:55:50 WARN Network latency detected
2025-06-02 07:13:45 INFO Configuration loaded
2025-06-06 23:09:40 INFO Data synchronization complete
2025-06-02 18:33:59 WARN Deprecated API call detected
2025-06-07 06:35:00 ERROR Permission denied
2025-06-03 18:47:22 ERROR Permission denied
2025-06-01 23:23:15 INFO Data synchronization complete
2025-06-08 13:47:26 WARN Low disk space
2025-06-08 18:00:08 WARN Low disk space
2025-06-03 08:22:38 INFO User logged in
2025-06-06 03:25:00 ERROR Configuration file not found
2025-06-07 13:10:58 ERROR Null reference exception
2025-06-08 00:09:37 INFO System started
2025-06-07 13:13:43 INFO Configuration loaded
2025-06-05 06:29:58 INFO System started
2025-06-03 13:39:33 ERROR Null reference exception
2025-06-07 02:45:54 ERROR Null reference exception
2025-06-02 03:46:25 INFO Configuration loaded
2025-06-08 19:01:53 WARN Low disk space
2025-06-08 02:50:11 ERROR Database connection failed
2025-06-07 00:03:41 WARN Memory usage high
2025-06-03 14:04:40 WARN Deprecated API call detected
2025-06-02 01:35:38 WARN Deprecated API call detected
2025-06-07 07:46:08 WARN Low disk space
2025-06-07 10:25:50 ERROR Database connection failed
2025-06-07 20:23:07 INFO Data synchronization complete
2025-06-08 13:02:16 INFO Data synchronization complete
2025-06-06 11:41:45 WARN Network latency detected
2025-06-05 11:06:34 ERROR Null reference exception
2025-06-03 18:42:16 WARN Low disk space
2025-06-04 13:37:13 WARN Deprecated API call detected
2025-06-03 02:35:32 WARN Memory usage high
2025-06-05 16:47:44 ERROR Configuration file not found
2025-06-04 04:18:18 INFO System started
2025-06-02 15:08:51 WARN Low disk space
2025-06-06 18:19:14 WARN Network latency detected
2025-06-07 13:29:23 ERROR Configuration file not found
2025-06-07 04:23:33 INFO Data synchronization complete
2025-06-02 15:55:48 WARN Network latency detected
2025-06-07 06:58:02 INFO System started
2025-06-05 12:54:47 WARN Memory usage high
2025-06-06 11:29:47 INFO Configuration loaded
2025-06-06 04:22:12 ERROR Null reference exception
2025-06-05 16:18:03 WARN Low disk space
2025-06-03 01:38:14 ERROR Configuration file not found
2025-06-03 21:07:02 WARN Memory usage high
2025-06-05 06:04:00 WARN Network latency detected
2025-06-08 10:19:36 INFO Data synchronization complete
2025-06-02 18:28:29 ERROR Database connection failed
2025-06-05 14:26:15 ERROR Permission denied
2025-06-02 12:44:29 ERROR Null reference exception
2025-06-04 21:00:59 WARN Low disk space
2025-06-07 15:24:24 INFO User logged in
2025-06-06 18:39:37 INFO Data synchronization complete
2025-06-07 02:03:16 ERROR Database connection failed
2025-06-03 10:19:55 WARN Low disk space
2025-06-05 13:42:49 INFO User logged in
2025-06-04 05:48:51 WARN Deprecated API call detected
2025-06-07 07:08:41 ERROR Permission denied
2025-06-07 15:00:42 ERROR Database connection failed
2025-06-07 11:00:20 WARN Memory usage high
2025-06-05 23:25:34 WARN Network latency detected
2025-06-03 23:24:01 INFO Configuration loaded
2025-06-05 04:00:49 ERROR Database connection failed
2025-06-08 17:30:06 INFO User logged in
2025-06-02 22:38:58 INFO Data synchronization complete
2025-06-08 03:13:11 INFO Data synchronization complete
2025-06-02 09:02:12 INFO Data synchronization complete
2025-06-02 23:01:39 INFO User logged in
2025-06-02 03:36:22 ERROR Permission denied
2025-06-05 16:35:44 ERROR Null reference exception
2025-06-06 13:38:22 INFO System started
2025-06-05 12:38:53 WARN Memory usage high
2025-06-08 20:07:29 WARN Memory usage high
2025-06-02 15:28:46 WARN Deprecated API call detected
2025-06-07 17:22:52 WARN Network latency detected
2025-06-08 13:36:39 ERROR Permission denied
2025-06-05 22:33:30 INFO Data synchronization complete
2025-06-05 08:09:03 ERROR Configuration file not found
2025-06-05 03:26:03 WARN Deprecated API call detected
2025-06-03 00:19:22 ERROR Database connection failed
2025-06-05 18:29:44 INFO System started
2025-06-03 10:56:58 WARN Memory usage high
2025-06-04 16:10:29 INFO Data synchronization complete
2025-06-04 20:59:21 INFO Data synchronization complete
2025-06-06 23:31:28 ERROR Configuration file not found
2025-06-03 13:00:50 INFO User logged in
2025-06-07 00:00:38 WARN Memory usage high
2025-06-04 18:04:02 WARN Memory usage high
2025-06-03 22:30:21 WARN Deprecated API call detected
2025-06-02 07:08:30 WARN Memory usage high
2025-06-03 23:45:01 WARN Low disk space
2025-06-06 14:19:22 WARN Memory usage high
2025-06-03 23:46:37 WARN Network latency detected
2025-06-02 22:56:05 INFO User logged in
2025-06-06 23:18:51 WARN Deprecated API call detected
2025-06-08 11:45:35 ERROR Permission denied
2025-06-08 13:36:24 INFO System started
2025-06-05 02:56:54 INFO Configuration loaded
2025-06-06 15:01:10 INFO Configuration loaded
2025-06-07 08:29:52 INFO Configuration loaded
2025-06-06 00:32:10 ERROR Null reference exception
2025-06-02 20:21:35 ERROR Database connection failed
2025-06-06 00:18:25 ERROR Null reference exception
2025-06-03 00:36:01 INFO System started
2025-06-04 23:55:24 WARN Deprecated API call detected
2025-06-02 05:57:22 WARN Low disk space
2025-06-04 10:24:22 WARN Memory usage high
2025-06-03 06:40:13 ERROR Null reference exception
